<?xml version="1.0" encoding="UTF-8"?>
<!-- Generated by org.testng.reporters.JUnitReportReporter -->
<testsuite skipped="0" hostname="DESKTOP-A1KSHQC" name="xcover.testCase.getQuote" tests="2" failures="0" timestamp="2021-05-09T23:34:32 AEST" time="13.130" errors="0">
  <testcase name="navigate" time="3.715" classname="xcover.testCase.getQuote"/>
  <system-out/>
  <testcase name="getQuoteForEyeWearProtectionPeriod" time="9.415" classname="xcover.testCase.getQuote"/>
  <system-out/>
</testsuite> <!-- xcover.testCase.getQuote -->
