<?xml version="1.0" encoding="UTF-8"?>
<!-- Generated by org.testng.reporters.JUnitReportReporter -->
<testsuite hostname="DESKTOP-A1KSHQC" failures="0" tests="4" name="Planit.testCases.jupiterTest" time="211.862" errors="0" timestamp="06 May 2021 15:29:18 GMT" skipped="0">
  <testcase classname="Planit.testCases.jupiterTest" name="test_Case1" time="183.904"/>
  <testcase classname="Planit.testCases.jupiterTest" name="test_Case2" time="23.850"/>
  <testcase classname="Planit.testCases.jupiterTest" name="test_case3" time="2.501"/>
  <testcase classname="Planit.testCases.jupiterTest" name="test_case4" time="1.607"/>
</testsuite> <!-- Planit.testCases.jupiterTest -->
